# JRE version: Java(TM) SE Runtime Environment (8.0_45-b14) (build 1.8.0_45-b14)
# Java VM: Java HotSpot(TM) 64-Bit Server VM (25.45-b02 mixed mode windows-amd64 compressed oops)
Heap:
 PSYoungGen      total 269824K, used 30745K [0x00000000eab00000, 0x0000000100000000, 0x0000000100000000)
  eden space 206848K, 0% used [0x00000000eab00000,0x00000000eab00000,0x00000000f7500000)
  from space 62976K, 48% used [0x00000000fc280000,0x00000000fe0864c8,0x0000000100000000)
  to   space 71168K, 0% used [0x00000000f7500000,0x00000000f7500000,0x00000000fba80000)
 ParOldGen       total 198656K, used 166292K [0x00000000c0000000, 0x00000000cc200000, 0x00000000eab00000)
  object space 198656K, 83% used [0x00000000c0000000,0x00000000ca265238,0x00000000cc200000)
 Metaspace       used 31917K, capacity 33150K, committed 33280K, reserved 1079296K
  class space    used 3840K, capacity 4328K, committed 4352K, reserved 1048576K
GC Heap History (10 events):
Event: 11.274 GC heap after
Heap after GC invocations=12 (full 2):
 PSYoungGen      total 247808K, used 0K [0x00000000eab00000, 0x0000000100000000, 0x0000000100000000)
  eden space 236032K, 0% used [0x00000000eab00000,0x00000000eab00000,0x00000000f9180000)
  from space 11776K, 0% used [0x00000000fbb00000,0x00000000fbb00000,0x00000000fc680000)
  to   space 42496K, 0% used [0x00000000f9180000,0x00000000f9180000,0x00000000fbb00000)
 ParOldGen       total 198656K, used 88437K [0x00000000c0000000, 0x00000000cc200000, 0x00000000eab00000)
  object space 198656K, 44% used [0x00000000c0000000,0x00000000c565d560,0x00000000cc200000)
 Metaspace       used 29894K, capacity 31020K, committed 31360K, reserved 1077248K
  class space    used 3674K, capacity 4130K, committed 4224K, reserved 1048576K
}
Event: 12.476 GC heap before
{Heap before GC invocations=13 (full 2):
 PSYoungGen      total 247808K, used 236032K [0x00000000eab00000, 0x0000000100000000, 0x0000000100000000)
  eden space 236032K, 100% used [0x00000000eab00000,0x00000000f9180000,0x00000000f9180000)
  from space 11776K, 0% used [0x00000000fbb00000,0x00000000fbb00000,0x00000000fc680000)
  to   space 42496K, 0% used [0x00000000f9180000,0x00000000f9180000,0x00000000fbb00000)
 ParOldGen       total 198656K, used 88437K [0x00000000c0000000, 0x00000000cc200000, 0x00000000eab00000)
  object space 198656K, 44% used [0x00000000c0000000,0x00000000c565d560,0x00000000cc200000)
 Metaspace       used 29942K, capacity 31090K, committed 31360K, reserved 1077248K
  class space    used 3675K, capacity 4132K, committed 4224K, reserved 1048576K
Event: 12.611 GC heap after
Heap after GC invocations=13 (full 2):
 PSYoungGen      total 278528K, used 34344K [0x00000000eab00000, 0x0000000100000000, 0x0000000100000000)
  eden space 236032K, 0% used [0x00000000eab00000,0x00000000eab00000,0x00000000f9180000)
  from space 42496K, 80% used [0x00000000f9180000,0x00000000fb30a198,0x00000000fbb00000)
  to   space 46080K, 0% used [0x00000000fd300000,0x00000000fd300000,0x0000000100000000)
 ParOldGen       total 198656K, used 88445K [0x00000000c0000000, 0x00000000cc200000, 0x00000000eab00000)
  object space 198656K, 44% used [0x00000000c0000000,0x00000000c565f560,0x00000000cc200000)
 Metaspace       used 29942K, capacity 31090K, committed 31360K, reserved 1077248K
  class space    used 3675K, capacity 4132K, committed 4224K, reserved 1048576K
}
Event: 13.573 GC heap before
{Heap before GC invocations=14 (full 2):
 PSYoungGen      total 278528K, used 270376K [0x00000000eab00000, 0x0000000100000000, 0x0000000100000000)
  eden space 236032K, 100% used [0x00000000eab00000,0x00000000f9180000,0x00000000f9180000)
  from space 42496K, 80% used [0x00000000f9180000,0x00000000fb30a198,0x00000000fbb00000)
  to   space 46080K, 0% used [0x00000000fd300000,0x00000000fd300000,0x0000000100000000)
 ParOldGen       total 198656K, used 88445K [0x00000000c0000000, 0x00000000cc200000, 0x00000000eab00000)
  object space 198656K, 44% used [0x00000000c0000000,0x00000000c565f560,0x00000000cc200000)
 Metaspace       used 29962K, capacity 31090K, committed 31360K, reserved 1077248K
  class space    used 3675K, capacity 4132K, committed 4224K, reserved 1048576K
Event: 13.686 GC heap after
Heap after GC invocations=14 (full 2):
 PSYoungGen      total 269312K, used 46072K [0x00000000eab00000, 0x0000000100000000, 0x0000000100000000)
  eden space 223232K, 0% used [0x00000000eab00000,0x00000000eab00000,0x00000000f8500000)
  from space 46080K, 99% used [0x00000000fd300000,0x00000000ffffe330,0x0000000100000000)
  to   space 62976K, 0% used [0x00000000f8500000,0x00000000f8500000,0x00000000fc280000)
 ParOldGen       total 198656K, used 114939K [0x00000000c0000000, 0x00000000cc200000, 0x00000000eab00000)
  object space 198656K, 57% used [0x00000000c0000000,0x00000000c703ed00,0x00000000cc200000)
 Metaspace       used 29962K, capacity 31090K, committed 31360K, reserved 1077248K
  class space    used 3675K, capacity 4132K, committed 4224K, reserved 1048576K
}
Event: 14.962 GC heap before
{Heap before GC invocations=15 (full 2):
 PSYoungGen      total 269312K, used 269304K [0x00000000eab00000, 0x0000000100000000, 0x0000000100000000)
  eden space 223232K, 100% used [0x00000000eab00000,0x00000000f8500000,0x00000000f8500000)
  from space 46080K, 99% used [0x00000000fd300000,0x00000000ffffe330,0x0000000100000000)
  to   space 62976K, 0% used [0x00000000f8500000,0x00000000f8500000,0x00000000fc280000)
 ParOldGen       total 198656K, used 114939K [0x00000000c0000000, 0x00000000cc200000, 0x00000000eab00000)
  object space 198656K, 57% used [0x00000000c0000000,0x00000000c703ed00,0x00000000cc200000)
 Metaspace       used 30443K, capacity 31650K, committed 31872K, reserved 1077248K
  class space    used 3704K, capacity 4177K, committed 4224K, reserved 1048576K
Event: 15.066 GC heap after
Heap after GC invocations=15 (full 2):
 PSYoungGen      total 286208K, used 62971K [0x00000000eab00000, 0x0000000100000000, 0x0000000100000000)
  eden space 223232K, 0% used [0x00000000eab00000,0x00000000eab00000,0x00000000f8500000)
  from space 62976K, 99% used [0x00000000f8500000,0x00000000fc27ee80,0x00000000fc280000)
  to   space 62976K, 0% used [0x00000000fc280000,0x00000000fc280000,0x0000000100000000)
 ParOldGen       total 198656K, used 121295K [0x00000000c0000000, 0x00000000cc200000, 0x00000000eab00000)
  object space 198656K, 61% used [0x00000000c0000000,0x00000000c7673da0,0x00000000cc200000)
 Metaspace       used 30443K, capacity 31650K, committed 31872K, reserved 1077248K
  class space    used 3704K, capacity 4177K, committed 4224K, reserved 1048576K
}
Event: 17.578 GC heap before
{Heap before GC invocations=16 (full 2):
 PSYoungGen      total 286208K, used 286203K [0x00000000eab00000, 0x0000000100000000, 0x0000000100000000)
  eden space 223232K, 100% used [0x00000000eab00000,0x00000000f8500000,0x00000000f8500000)
  from space 62976K, 99% used [0x00000000f8500000,0x00000000fc27ee80,0x00000000fc280000)
  to   space 62976K, 0% used [0x00000000fc280000,0x00000000fc280000,0x0000000100000000)
 ParOldGen       total 198656K, used 121295K [0x00000000c0000000, 0x00000000cc200000, 0x00000000eab00000)
  object space 198656K, 61% used [0x00000000c0000000,0x00000000c7673da0,0x00000000cc200000)
 Metaspace       used 31917K, capacity 33150K, committed 33280K, reserved 1079296K
  class space    used 3840K, capacity 4328K, committed 4352K, reserved 1048576K
Event: 17.703 GC heap after
Heap after GC invocations=16 (full 2):
 PSYoungGen      total 269824K, used 30745K [0x00000000eab00000, 0x0000000100000000, 0x0000000100000000)
  eden space 206848K, 0% used [0x00000000eab00000,0x00000000eab00000,0x00000000f7500000)
  from space 62976K, 48% used [0x00000000fc280000,0x00000000fe0864c8,0x0000000100000000)
  to   space 71168K, 0% used [0x00000000f7500000,0x00000000f7500000,0x00000000fba80000)
 ParOldGen       total 198656K, used 166292K [0x00000000c0000000, 0x00000000cc200000, 0x00000000eab00000)
  object space 198656K, 83% used [0x00000000c0000000,0x00000000ca265238,0x00000000cc200000)
 Metaspace       used 31917K, capacity 33150K, committed 33280K, reserved 1079296K
  class space    used 3840K, capacity 4328K, committed 4352K, reserved 1048576K
}
Event: 17.703 GC heap before
{Heap before GC invocations=17 (full 3):
 PSYoungGen      total 269824K, used 30745K [0x00000000eab00000, 0x0000000100000000, 0x0000000100000000)
  eden space 206848K, 0% used [0x00000000eab00000,0x00000000eab00000,0x00000000f7500000)
  from space 62976K, 48% used [0x00000000fc280000,0x00000000fe0864c8,0x0000000100000000)
  to   space 71168K, 0% used [0x00000000f7500000,0x00000000f7500000,0x00000000fba80000)
 ParOldGen       total 198656K, used 166292K [0x00000000c0000000, 0x00000000cc200000, 0x00000000eab00000)
  object space 198656K, 83% used [0x00000000c0000000,0x00000000ca265238,0x00000000cc200000)
 Metaspace       used 31917K, capacity 33150K, committed 33280K, reserved 1079296K
  class space    used 3840K, capacity 4328K, committed 4352K, reserved 1048576K

