# JRE version: Java(TM) SE Runtime Environment (8.0_45-b14) (build 1.8.0_45-b14)
# Java VM: Java HotSpot(TM) 64-Bit Server VM (25.45-b02 mixed mode windows-amd64 compressed oops)
Heap:
 PSYoungGen      total 241152K, used 78570K [0x00000000eab00000, 0x00000000ffa80000, 0x0000000100000000)
  eden space 143872K, 0% used [0x00000000eab00000,0x00000000eab00000,0x00000000f3780000)
  from space 97280K, 80% used [0x00000000f9b80000,0x00000000fe83a820,0x00000000ffa80000)
  to   space 99840K, 0% used [0x00000000f3780000,0x00000000f3780000,0x00000000f9900000)
 ParOldGen       total 346112K, used 334657K [0x00000000c0000000, 0x00000000d5200000, 0x00000000eab00000)
  object space 346112K, 96% used [0x00000000c0000000,0x00000000d46d0510,0x00000000d5200000)
 Metaspace       used 37058K, capacity 39344K, committed 39680K, reserved 1083392K
  class space    used 4115K, capacity 5013K, committed 5120K, reserved 1048576K
GC Heap History (10 events):
Event: 2349.559 GC heap after
Heap after GC invocations=51 (full 3):
 PSYoungGen      total 241152K, used 84213K [0x00000000eab00000, 0x00000000fff00000, 0x0000000100000000)
  eden space 137216K, 0% used [0x00000000eab00000,0x00000000eab00000,0x00000000f3100000)
  from space 103936K, 81% used [0x00000000f9700000,0x00000000fe93d4d0,0x00000000ffc80000)
  to   space 104448K, 0% used [0x00000000f3100000,0x00000000f3100000,0x00000000f9700000)
 ParOldGen       total 346112K, used 311947K [0x00000000c0000000, 0x00000000d5200000, 0x00000000eab00000)
  object space 346112K, 90% used [0x00000000c0000000,0x00000000d30a2c00,0x00000000d5200000)
 Metaspace       used 36726K, capacity 38872K, committed 39040K, reserved 1083392K
  class space    used 4098K, capacity 4959K, committed 4992K, reserved 1048576K
}
Event: 2350.716 GC heap before
{Heap before GC invocations=52 (full 3):
 PSYoungGen      total 241152K, used 221429K [0x00000000eab00000, 0x00000000fff00000, 0x0000000100000000)
  eden space 137216K, 100% used [0x00000000eab00000,0x00000000f3100000,0x00000000f3100000)
  from space 103936K, 81% used [0x00000000f9700000,0x00000000fe93d4d0,0x00000000ffc80000)
  to   space 104448K, 0% used [0x00000000f3100000,0x00000000f3100000,0x00000000f9700000)
 ParOldGen       total 346112K, used 311947K [0x00000000c0000000, 0x00000000d5200000, 0x00000000eab00000)
  object space 346112K, 90% used [0x00000000c0000000,0x00000000d30a2c00,0x00000000d5200000)
 Metaspace       used 36795K, capacity 38972K, committed 39040K, reserved 1083392K
  class space    used 4106K, capacity 4977K, committed 4992K, reserved 1048576K
Event: 2350.875 GC heap after
Heap after GC invocations=52 (full 3):
 PSYoungGen      total 241664K, used 79229K [0x00000000eab00000, 0x00000000ffc80000, 0x0000000100000000)
  eden space 137216K, 0% used [0x00000000eab00000,0x00000000eab00000,0x00000000f3100000)
  from space 104448K, 75% used [0x00000000f3100000,0x00000000f7e5f490,0x00000000f9700000)
  to   space 102400K, 0% used [0x00000000f9880000,0x00000000f9880000,0x00000000ffc80000)
 ParOldGen       total 346112K, used 320899K [0x00000000c0000000, 0x00000000d5200000, 0x00000000eab00000)
  object space 346112K, 92% used [0x00000000c0000000,0x00000000d3960d68,0x00000000d5200000)
 Metaspace       used 36795K, capacity 38972K, committed 39040K, reserved 1083392K
  class space    used 4106K, capacity 4977K, committed 4992K, reserved 1048576K
}
Event: 2366.853 GC heap before
{Heap before GC invocations=53 (full 3):
 PSYoungGen      total 241664K, used 216445K [0x00000000eab00000, 0x00000000ffc80000, 0x0000000100000000)
  eden space 137216K, 100% used [0x00000000eab00000,0x00000000f3100000,0x00000000f3100000)
  from space 104448K, 75% used [0x00000000f3100000,0x00000000f7e5f490,0x00000000f9700000)
  to   space 102400K, 0% used [0x00000000f9880000,0x00000000f9880000,0x00000000ffc80000)
 ParOldGen       total 346112K, used 320899K [0x00000000c0000000, 0x00000000d5200000, 0x00000000eab00000)
  object space 346112K, 92% used [0x00000000c0000000,0x00000000d3960d68,0x00000000d5200000)
 Metaspace       used 36929K, capacity 39170K, committed 39296K, reserved 1083392K
  class space    used 4110K, capacity 4991K, committed 4992K, reserved 1048576K
Event: 2366.975 GC heap after
Heap after GC invocations=53 (full 3):
 PSYoungGen      total 242688K, used 84621K [0x00000000eab00000, 0x00000000fff00000, 0x0000000100000000)
  eden space 140288K, 0% used [0x00000000eab00000,0x00000000eab00000,0x00000000f3400000)
  from space 102400K, 82% used [0x00000000f9880000,0x00000000feb23640,0x00000000ffc80000)
  to   space 102912K, 0% used [0x00000000f3400000,0x00000000f3400000,0x00000000f9880000)
 ParOldGen       total 346112K, used 323028K [0x00000000c0000000, 0x00000000d5200000, 0x00000000eab00000)
  object space 346112K, 93% used [0x00000000c0000000,0x00000000d3b75148,0x00000000d5200000)
 Metaspace       used 36929K, capacity 39170K, committed 39296K, reserved 1083392K
  class space    used 4110K, capacity 4991K, committed 4992K, reserved 1048576K
}
Event: 2368.420 GC heap before
{Heap before GC invocations=54 (full 3):
 PSYoungGen      total 242688K, used 224909K [0x00000000eab00000, 0x00000000fff00000, 0x0000000100000000)
  eden space 140288K, 100% used [0x00000000eab00000,0x00000000f3400000,0x00000000f3400000)
  from space 102400K, 82% used [0x00000000f9880000,0x00000000feb23640,0x00000000ffc80000)
  to   space 102912K, 0% used [0x00000000f3400000,0x00000000f3400000,0x00000000f9880000)
 ParOldGen       total 346112K, used 323028K [0x00000000c0000000, 0x00000000d5200000, 0x00000000eab00000)
  object space 346112K, 93% used [0x00000000c0000000,0x00000000d3b75148,0x00000000d5200000)
 Metaspace       used 36968K, capacity 39200K, committed 39424K, reserved 1083392K
  class space    used 4111K, capacity 4997K, committed 5120K, reserved 1048576K
Event: 2368.510 GC heap after
Heap after GC invocations=54 (full 3):
 PSYoungGen      total 243200K, used 82697K [0x00000000eab00000, 0x00000000fff80000, 0x0000000100000000)
  eden space 140288K, 0% used [0x00000000eab00000,0x00000000eab00000,0x00000000f3400000)
  from space 102912K, 80% used [0x00000000f3400000,0x00000000f84c26c0,0x00000000f9880000)
  to   space 102400K, 0% used [0x00000000f9b80000,0x00000000f9b80000,0x00000000fff80000)
 ParOldGen       total 346112K, used 327701K [0x00000000c0000000, 0x00000000d5200000, 0x00000000eab00000)
  object space 346112K, 94% used [0x00000000c0000000,0x00000000d4005758,0x00000000d5200000)
 Metaspace       used 36968K, capacity 39200K, committed 39424K, reserved 1083392K
  class space    used 4111K, capacity 4997K, committed 5120K, reserved 1048576K
}
Event: 2379.954 GC heap before
{Heap before GC invocations=55 (full 3):
 PSYoungGen      total 243200K, used 222985K [0x00000000eab00000, 0x00000000fff80000, 0x0000000100000000)
  eden space 140288K, 100% used [0x00000000eab00000,0x00000000f3400000,0x00000000f3400000)
  from space 102912K, 80% used [0x00000000f3400000,0x00000000f84c26c0,0x00000000f9880000)
  to   space 102400K, 0% used [0x00000000f9b80000,0x00000000f9b80000,0x00000000fff80000)
 ParOldGen       total 346112K, used 327701K [0x00000000c0000000, 0x00000000d5200000, 0x00000000eab00000)
  object space 346112K, 94% used [0x00000000c0000000,0x00000000d4005758,0x00000000d5200000)
 Metaspace       used 37058K, capacity 39344K, committed 39680K, reserved 1083392K
  class space    used 4115K, capacity 5013K, committed 5120K, reserved 1048576K
Event: 2380.048 GC heap after
Heap after GC invocations=55 (full 3):
 PSYoungGen      total 241152K, used 78570K [0x00000000eab00000, 0x00000000ffa80000, 0x0000000100000000)
  eden space 143872K, 0% used [0x00000000eab00000,0x00000000eab00000,0x00000000f3780000)
  from space 97280K, 80% used [0x00000000f9b80000,0x00000000fe83a820,0x00000000ffa80000)
  to   space 99840K, 0% used [0x00000000f3780000,0x00000000f3780000,0x00000000f9900000)
 ParOldGen       total 346112K, used 334657K [0x00000000c0000000, 0x00000000d5200000, 0x00000000eab00000)
  object space 346112K, 96% used [0x00000000c0000000,0x00000000d46d0510,0x00000000d5200000)
 Metaspace       used 37058K, capacity 39344K, committed 39680K, reserved 1083392K
  class space    used 4115K, capacity 5013K, committed 5120K, reserved 1048576K
}
Event: 2380.048 GC heap before
{Heap before GC invocations=56 (full 4):
 PSYoungGen      total 241152K, used 78570K [0x00000000eab00000, 0x00000000ffa80000, 0x0000000100000000)
  eden space 143872K, 0% used [0x00000000eab00000,0x00000000eab00000,0x00000000f3780000)
  from space 97280K, 80% used [0x00000000f9b80000,0x00000000fe83a820,0x00000000ffa80000)
  to   space 99840K, 0% used [0x00000000f3780000,0x00000000f3780000,0x00000000f9900000)
 ParOldGen       total 346112K, used 334657K [0x00000000c0000000, 0x00000000d5200000, 0x00000000eab00000)
  object space 346112K, 96% used [0x00000000c0000000,0x00000000d46d0510,0x00000000d5200000)
 Metaspace       used 37058K, capacity 39344K, committed 39680K, reserved 1083392K
  class space    used 4115K, capacity 5013K, committed 5120K, reserved 1048576K

